2025-12-04 16:45:20,197 - root - INFO - Starting MDConverter Server...
2025-12-04 16:45:20,744 - root - CRITICAL - Import error: No module named 'converters'
2025-12-04 16:45:20,745 - root - CRITICAL - Uncaught exception
Traceback (most recent call last):
  File "server.py", line 37, in <module>
ImportError: attempted relative import with no known parent package

During handling of the above exception, another exception occurred:

Traceback (most recent call last):
  File "server.py", line 40, in <module>
ModuleNotFoundError: No module named 'converters'
2025-12-04 16:47:26,667 - root - INFO - Starting MDConverter Server...
2025-12-04 16:47:27,933 - root - CRITICAL - All import attempts failed. Last error: No module named 'reportlab.graphics.barcode.code128'
2025-12-04 16:47:27,933 - root - DEBUG - sys.path: ['C:\\Users\\ADMINI~1\\AppData\\Local\\Temp\\_MEI262682\\base_library.zip', 'C:\\Users\\ADMINI~1\\AppData\\Local\\Temp\\_MEI262682\\python3.13\\lib-dynload', 'C:\\Users\\ADMINI~1\\AppData\\Local\\Temp\\_MEI262682', 'C:\\Users\\ADMINI~1\\AppData\\Local\\Temp\\_MEI262682\\win32', 'C:\\Users\\ADMINI~1\\AppData\\Local\\Temp\\_MEI262682\\pywin32_system32', 'C:\\Users\\ADMINI~1\\AppData\\Local\\Temp\\_MEI262682\\setuptools\\_vendor']
2025-12-04 16:47:27,933 - root - DEBUG - sys.modules keys containing 'converter': ['attr.converters', 'attrs.converters', 'src.apps.md_converter']
2025-12-04 16:47:27,933 - root - CRITICAL - Import error: No module named 'reportlab.graphics.barcode.code128'
2025-12-04 16:47:27,933 - root - CRITICAL - Uncaught exception
Traceback (most recent call last):
  File "server.py", line 39, in <module>
ImportError: attempted relative import with no known parent package

During handling of the above exception, another exception occurred:

Traceback (most recent call last):
  File "server.py", line 44, in <module>
ModuleNotFoundError: No module named 'converters'

During handling of the above exception, another exception occurred:

Traceback (most recent call last):
  File "server.py", line 50, in <module>
  File "pyimod02_importers.py", line 457, in exec_module
  File "src\apps\md_converter\converters.py", line 6, in <module>
    from xhtml2pdf import pisa
  File "pyimod02_importers.py", line 457, in exec_module
  File "xhtml2pdf\pisa.py", line 26, in <module>
  File "pyimod02_importers.py", line 457, in exec_module
  File "xhtml2pdf\document.py", line 25, in <module>
  File "pyimod02_importers.py", line 457, in exec_module
  File "xhtml2pdf\context.py", line 39, in <module>
  File "pyimod02_importers.py", line 457, in exec_module
  File "xhtml2pdf\parser.py", line 44, in <module>
  File "pyimod02_importers.py", line 457, in exec_module
  File "xhtml2pdf\tables.py", line 21, in <module>
  File "pyimod02_importers.py", line 457, in exec_module
  File "xhtml2pdf\tags.py", line 24, in <module>
  File "pyimod02_importers.py", line 457, in exec_module
  File "reportlab\graphics\barcode\__init__.py", line 76, in <module>
  File "reportlab\graphics\barcode\__init__.py", line 42, in _reset
  File "pyimod02_importers.py", line 457, in exec_module
  File "reportlab\graphics\barcode\widgets.py", line 173, in <module>
  File "reportlab\graphics\barcode\widgets.py", line 100, in _BCW
  File "<string>", line 1, in <module>
ModuleNotFoundError: No module named 'reportlab.graphics.barcode.code128'
2025-12-04 16:49:49,132 - root - INFO - Starting MDConverter Server...
2025-12-04 16:49:50,762 - root - INFO - Imported via full package path
2025-12-04 16:49:50,766 - mcp.server.lowlevel.server - DEBUG - Initializing server 'MDConverter'
2025-12-04 16:49:50,766 - mcp.server.lowlevel.server - DEBUG - Registering handler for ListToolsRequest
2025-12-04 16:49:50,767 - mcp.server.lowlevel.server - DEBUG - Registering handler for CallToolRequest
2025-12-04 16:49:50,767 - mcp.server.lowlevel.server - DEBUG - Registering handler for ListResourcesRequest
2025-12-04 16:49:50,767 - mcp.server.lowlevel.server - DEBUG - Registering handler for ReadResourceRequest
2025-12-04 16:49:50,767 - mcp.server.lowlevel.server - DEBUG - Registering handler for PromptListRequest
2025-12-04 16:49:50,767 - mcp.server.lowlevel.server - DEBUG - Registering handler for GetPromptRequest
2025-12-04 16:49:50,767 - mcp.server.lowlevel.server - DEBUG - Registering handler for ListResourceTemplatesRequest
2025-12-04 16:49:50,789 - asyncio - DEBUG - Using proactor: IocpProactor
2025-12-04 16:49:50,800 - mcp.server.lowlevel.server - DEBUG - Received message: root=InitializedNotification(method='notifications/initialized', params=None, jsonrpc='2.0')
2025-12-04 16:49:50,801 - mcp.server.lowlevel.server - DEBUG - Received message: <mcp.shared.session.RequestResponder object at 0x0000021732083B10>
2025-12-04 16:49:50,801 - mcp.server.lowlevel.server - INFO - Processing request of type ListToolsRequest
2025-12-04 16:49:50,802 - mcp.server.lowlevel.server - DEBUG - Dispatching request of type ListToolsRequest
2025-12-04 16:49:50,802 - mcp.server.lowlevel.server - DEBUG - Response sent
2025-12-04 16:49:50,812 - root - CRITICAL - Uncaught exception
Traceback (most recent call last):
  File "<string>", line 1, in <module>
ValueError: I/O operation on closed file.
2025-12-04 17:00:45,873 - root - INFO - Starting MDConverter Server...
2025-12-04 17:00:47,246 - root - INFO - Imported via full package path
2025-12-04 17:00:47,248 - mcp.server.lowlevel.server - DEBUG - Initializing server 'MDConverter'
2025-12-04 17:00:47,248 - mcp.server.lowlevel.server - DEBUG - Registering handler for ListToolsRequest
2025-12-04 17:00:47,248 - mcp.server.lowlevel.server - DEBUG - Registering handler for CallToolRequest
2025-12-04 17:00:47,248 - mcp.server.lowlevel.server - DEBUG - Registering handler for ListResourcesRequest
2025-12-04 17:00:47,248 - mcp.server.lowlevel.server - DEBUG - Registering handler for ReadResourceRequest
2025-12-04 17:00:47,248 - mcp.server.lowlevel.server - DEBUG - Registering handler for PromptListRequest
2025-12-04 17:00:47,248 - mcp.server.lowlevel.server - DEBUG - Registering handler for GetPromptRequest
2025-12-04 17:00:47,248 - mcp.server.lowlevel.server - DEBUG - Registering handler for ListResourceTemplatesRequest
2025-12-04 17:00:47,261 - asyncio - DEBUG - Using proactor: IocpProactor
2025-12-04 17:00:47,267 - mcp.server.lowlevel.server - DEBUG - Received message: root=InitializedNotification(method='notifications/initialized', params=None, jsonrpc='2.0')
2025-12-04 17:00:47,268 - mcp.server.lowlevel.server - DEBUG - Received message: <mcp.shared.session.RequestResponder object at 0x000001C9E9B33B10>
2025-12-04 17:00:47,268 - mcp.server.lowlevel.server - INFO - Processing request of type ListToolsRequest
2025-12-04 17:00:47,268 - mcp.server.lowlevel.server - DEBUG - Dispatching request of type ListToolsRequest
2025-12-04 17:00:47,268 - mcp.server.lowlevel.server - DEBUG - Response sent
2025-12-04 17:00:47,275 - root - CRITICAL - Uncaught exception
Traceback (most recent call last):
  File "<string>", line 1, in <module>
ValueError: I/O operation on closed file.
2025-12-04 17:32:20,971 - root - INFO - Starting MDConverter Server...
2025-12-04 17:32:22,313 - root - INFO - Imported via full package path
2025-12-04 17:32:22,315 - mcp.server.lowlevel.server - DEBUG - Initializing server 'MDConverter'
2025-12-04 17:32:22,315 - mcp.server.lowlevel.server - DEBUG - Registering handler for ListToolsRequest
2025-12-04 17:32:22,315 - mcp.server.lowlevel.server - DEBUG - Registering handler for CallToolRequest
2025-12-04 17:32:22,315 - mcp.server.lowlevel.server - DEBUG - Registering handler for ListResourcesRequest
2025-12-04 17:32:22,315 - mcp.server.lowlevel.server - DEBUG - Registering handler for ReadResourceRequest
2025-12-04 17:32:22,315 - mcp.server.lowlevel.server - DEBUG - Registering handler for PromptListRequest
2025-12-04 17:32:22,315 - mcp.server.lowlevel.server - DEBUG - Registering handler for GetPromptRequest
2025-12-04 17:32:22,315 - mcp.server.lowlevel.server - DEBUG - Registering handler for ListResourceTemplatesRequest
2025-12-04 17:32:22,328 - asyncio - DEBUG - Using proactor: IocpProactor
2025-12-04 17:32:22,335 - mcp.server.lowlevel.server - DEBUG - Received message: root=InitializedNotification(method='notifications/initialized', params=None, jsonrpc='2.0')
2025-12-04 17:32:22,335 - mcp.server.lowlevel.server - DEBUG - Received message: <mcp.shared.session.RequestResponder object at 0x000001F555A13C50>
2025-12-04 17:32:22,336 - mcp.server.lowlevel.server - INFO - Processing request of type ListToolsRequest
2025-12-04 17:32:22,336 - mcp.server.lowlevel.server - DEBUG - Dispatching request of type ListToolsRequest
2025-12-04 17:32:22,336 - mcp.server.lowlevel.server - DEBUG - Response sent
2025-12-04 17:32:22,343 - root - CRITICAL - Uncaught exception
Traceback (most recent call last):
  File "<string>", line 1, in <module>
ValueError: I/O operation on closed file.
2025-12-04 17:52:32,859 - root - INFO - Starting MDConverter Server...
2025-12-04 17:52:34,258 - root - INFO - Imported via full package path
2025-12-04 17:52:34,260 - mcp.server.lowlevel.server - DEBUG - Initializing server 'MDConverter'
2025-12-04 17:52:34,260 - mcp.server.lowlevel.server - DEBUG - Registering handler for ListToolsRequest
2025-12-04 17:52:34,260 - mcp.server.lowlevel.server - DEBUG - Registering handler for CallToolRequest
2025-12-04 17:52:34,260 - mcp.server.lowlevel.server - DEBUG - Registering handler for ListResourcesRequest
2025-12-04 17:52:34,260 - mcp.server.lowlevel.server - DEBUG - Registering handler for ReadResourceRequest
2025-12-04 17:52:34,260 - mcp.server.lowlevel.server - DEBUG - Registering handler for PromptListRequest
2025-12-04 17:52:34,260 - mcp.server.lowlevel.server - DEBUG - Registering handler for GetPromptRequest
2025-12-04 17:52:34,260 - mcp.server.lowlevel.server - DEBUG - Registering handler for ListResourceTemplatesRequest
2025-12-04 17:52:34,272 - asyncio - DEBUG - Using proactor: IocpProactor
2025-12-04 17:52:34,279 - mcp.server.lowlevel.server - DEBUG - Received message: root=InitializedNotification(method='notifications/initialized', params=None, jsonrpc='2.0')
2025-12-04 17:52:34,279 - mcp.server.lowlevel.server - DEBUG - Received message: <mcp.shared.session.RequestResponder object at 0x0000019C5B6E3C50>
2025-12-04 17:52:34,279 - mcp.server.lowlevel.server - INFO - Processing request of type ListToolsRequest
2025-12-04 17:52:34,279 - mcp.server.lowlevel.server - DEBUG - Dispatching request of type ListToolsRequest
2025-12-04 17:52:34,279 - mcp.server.lowlevel.server - DEBUG - Response sent
2025-12-04 17:52:34,286 - root - CRITICAL - Uncaught exception
Traceback (most recent call last):
  File "<string>", line 1, in <module>
ValueError: I/O operation on closed file.
2025-12-04 17:57:42,148 - root - INFO - Starting MDConverter Server...
2025-12-04 17:57:43,542 - root - INFO - Imported via full package path
2025-12-04 17:57:43,544 - mcp.server.lowlevel.server - DEBUG - Initializing server 'MDConverter'
2025-12-04 17:57:43,544 - mcp.server.lowlevel.server - DEBUG - Registering handler for ListToolsRequest
2025-12-04 17:57:43,545 - mcp.server.lowlevel.server - DEBUG - Registering handler for CallToolRequest
2025-12-04 17:57:43,545 - mcp.server.lowlevel.server - DEBUG - Registering handler for ListResourcesRequest
2025-12-04 17:57:43,545 - mcp.server.lowlevel.server - DEBUG - Registering handler for ReadResourceRequest
2025-12-04 17:57:43,545 - mcp.server.lowlevel.server - DEBUG - Registering handler for PromptListRequest
2025-12-04 17:57:43,545 - mcp.server.lowlevel.server - DEBUG - Registering handler for GetPromptRequest
2025-12-04 17:57:43,545 - mcp.server.lowlevel.server - DEBUG - Registering handler for ListResourceTemplatesRequest
2025-12-04 17:57:43,558 - asyncio - DEBUG - Using proactor: IocpProactor
2025-12-04 17:57:43,564 - mcp.server.lowlevel.server - DEBUG - Received message: root=InitializedNotification(method='notifications/initialized', params=None, jsonrpc='2.0')
2025-12-04 17:57:43,565 - mcp.server.lowlevel.server - DEBUG - Received message: <mcp.shared.session.RequestResponder object at 0x0000026091B53C50>
2025-12-04 17:57:43,565 - mcp.server.lowlevel.server - INFO - Processing request of type ListToolsRequest
2025-12-04 17:57:43,565 - mcp.server.lowlevel.server - DEBUG - Dispatching request of type ListToolsRequest
2025-12-04 17:57:43,565 - mcp.server.lowlevel.server - DEBUG - Response sent
2025-12-04 17:57:43,572 - root - CRITICAL - Uncaught exception
Traceback (most recent call last):
  File "<string>", line 1, in <module>
ValueError: I/O operation on closed file.
2025-12-04 18:02:00,853 - root - INFO - Starting MDConverter Server...
2025-12-04 18:02:02,295 - root - INFO - Imported via full package path
2025-12-04 18:02:02,295 - root - CRITICAL - Uncaught exception
Traceback (most recent call last):
  File "server.py", line 65, in <module>
TypeError: FastMCP.__init__() got an unexpected keyword argument 'version'
2025-12-04 18:03:37,312 - root - INFO - Starting MDConverter Server...
2025-12-04 18:03:38,810 - root - INFO - Imported via full package path
2025-12-04 18:03:38,812 - mcp.server.lowlevel.server - DEBUG - Initializing server 'MDConverter'
2025-12-04 18:03:38,813 - mcp.server.lowlevel.server - DEBUG - Registering handler for ListToolsRequest
2025-12-04 18:03:38,813 - mcp.server.lowlevel.server - DEBUG - Registering handler for CallToolRequest
2025-12-04 18:03:38,813 - mcp.server.lowlevel.server - DEBUG - Registering handler for ListResourcesRequest
2025-12-04 18:03:38,813 - mcp.server.lowlevel.server - DEBUG - Registering handler for ReadResourceRequest
2025-12-04 18:03:38,813 - mcp.server.lowlevel.server - DEBUG - Registering handler for PromptListRequest
2025-12-04 18:03:38,813 - mcp.server.lowlevel.server - DEBUG - Registering handler for GetPromptRequest
2025-12-04 18:03:38,813 - mcp.server.lowlevel.server - DEBUG - Registering handler for ListResourceTemplatesRequest
2025-12-04 18:03:38,826 - asyncio - DEBUG - Using proactor: IocpProactor
2025-12-04 18:03:38,832 - mcp.server.lowlevel.server - DEBUG - Received message: root=InitializedNotification(method='notifications/initialized', params=None, jsonrpc='2.0')
2025-12-04 18:03:38,832 - mcp.server.lowlevel.server - DEBUG - Received message: <mcp.shared.session.RequestResponder object at 0x0000020B535E3C50>
2025-12-04 18:03:38,833 - mcp.server.lowlevel.server - INFO - Processing request of type ListToolsRequest
2025-12-04 18:03:38,833 - mcp.server.lowlevel.server - DEBUG - Dispatching request of type ListToolsRequest
2025-12-04 18:03:38,833 - mcp.server.lowlevel.server - DEBUG - Response sent
2025-12-04 18:03:38,839 - root - CRITICAL - Uncaught exception
Traceback (most recent call last):
  File "<string>", line 1, in <module>
ValueError: I/O operation on closed file.
